#
# A fatal error has been detected by the Java Runtime Environment:
#
#  EXCEPTION_ACCESS_VIOLATION (0xc0000005) at pc=0x5c4cdd39, pid=5896, tid=6164
#
# JRE version: Java(TM) SE Runtime Environment (7.0_71-b14) (build 1.7.0_71-b14)
# Java VM: Java HotSpot(TM) Client VM (24.71-b01 mixed mode windows-x86 )
# Problematic frame:
# C  0x5c4cdd39
#
# Failed to write core dump. Minidumps are not enabled by default on client versions of Windows
#
# If you would like to submit a bug report, please visit:
#   http://bugreport.sun.com/bugreport/crash.jsp
#

---------------  T H R E A D  ---------------

Current thread (0x05f3f400):  VMThread [stack: 0x06060000,0x06160000] [id=6164]

siginfo: ExceptionCode=0xc0000005, reading address 0x00000058

Registers:
EAX=0x05f3f530, EBX=0x5c528678, ECX=0x00000000, EDX=0x05f57448
ESP=0x0615f75c, EBP=0x0615f774, ESI=0x39aaefa4, EDI=0x39a7a2d4
EIP=0x5c4cdd39, EFLAGS=0x00010206

Top of Stack: (sp=0x0615f75c)
0x0615f75c:   05f3f530 05f57448 39a7a2d4 39aaef58
0x0615f76c:   05f3f530 01353145 0615f784 5c4ce190
0x0615f77c:   39a7a2d4 39bb9c28 0615f7a0 5c4cddcc
0x0615f78c:   00000001 5c4f7e17 39a7a2c0 5c4f7492
0x0615f79c:   00000000 0615f7c0 5c588e54 39bb9c2c
0x0615f7ac:   399fd400 399fd400 5c5c2300 39bb0b64
0x0615f7bc:   39a50d20 0615f7cc 5c5c2adb 39a5e680
0x0615f7cc:   0615f7e8 5c5c87e8 00000001 5c589756 

Instructions: (pc=0x5c4cdd39)
0x5c4cdd19:   00 00 c6 45 ff 00 e8 dc 55 ff ff 83 c4 08 85 c0
0x5c4cdd29:   75 1f 8b 45 f8 85 c0 74 18 8b 56 bc 8b 08 52 50
0x5c4cdd39:   8b 41 58 ff d0 8d 4d ff 51 e8 09 56 ff ff 83 c4
0x5c4cdd49:   04 8d 4e e0 e8 1e 08 02 00 8b 46 d4 8b 08 50 51 


Register to memory mapping:

EAX=
[error occurred during error reporting (printing register info), id 0xc0000005]

Stack: [0x06060000,0x06160000],  sp=0x0615f75c,  free space=1021k
Native frames: (J=compiled Java code, j=interpreted, Vv=VM code, C=native code)
C  0x5c4cdd39
C  0x5c4ce190
C  0x5c4cddcc
C  0x5c588e54
C  0x5c5c2adb
C  0x5c5c87e8
C  0x5c4f5e16
C  0x5c4e7813
C  0x5c51622b
C  0x5c50825a
C  0x5c50832d
C  0x5c504c86
C  0x5c504cf1
C  [ntdll.dll+0x392e0]
C  [ntdll.dll+0x59da4]
C  [ntdll.dll+0x59c46]
C  [kernel32.dll+0x179c5]
C  [MSVCR100.dll+0x27997]
C  [MSVCR100.dll+0x27ab0]
C  [MSVCR100.dll+0x27b1d]
V  [jvm.dll+0x140952]
V  [jvm.dll+0x16909d]
V  [jvm.dll+0x1684b1]
V  [jvm.dll+0x1688c7]
V  [jvm.dll+0x168ac2]
V  [jvm.dll+0x1a80f9]
C  [MSVCR100.dll+0x5c556]
C  [MSVCR100.dll+0x5c600]
C  [kernel32.dll+0x1336a]
C  [ntdll.dll+0x39882]
C  [ntdll.dll+0x39855]

VM_Operation (0x0018fac0): Exit, mode: safepoint, requested by thread 0x025ec400


---------------  P R O C E S S  ---------------

Java Threads: ( => current thread )
  0x0b17e400 JavaThread "AWT-Shutdown" [_thread_blocked, id=5268, stack(0x09ef0000,0x09ff0000)]
  0x0b035400 JavaThread "Thread-11" daemon [_thread_in_native, id=7424, stack(0x3d200000,0x3d300000)]
  0x0b035000 JavaThread "Thread-9" daemon [_thread_in_native, id=3736, stack(0x3ae60000,0x3af60000)]
  0x0b034000 JavaThread "TimerQueue" daemon [_thread_blocked, id=6432, stack(0x3d810000,0x3d910000)]
  0x0b032400 JavaThread "Java2D Disposer" daemon [_thread_blocked, id=6468, stack(0x36530000,0x36630000)]
  0x0832f000 JavaThread "Pool C:\Users\Sergey\AppData\Roaming\CooCox\CoIDE\repo\CODB_SIMPLIFY.FDB idleRemover" daemon [_thread_blocked, id=7400, stack(0x35be0000,0x35ce0000)]
  0x05f83c00 JavaThread "Service Thread" daemon [_thread_blocked, id=8052, stack(0x06920000,0x06a20000)]
  0x05f7f800 JavaThread "C1 CompilerThread0" daemon [_thread_blocked, id=4328, stack(0x067e0000,0x068e0000)]
  0x05f7e400 JavaThread "Attach Listener" daemon [_thread_blocked, id=8064, stack(0x066a0000,0x067a0000)]
  0x05f7d800 JavaThread "Signal Dispatcher" daemon [_thread_blocked, id=7060, stack(0x06560000,0x06660000)]
  0x05f7b000 JavaThread "Surrogate Locker Thread (Concurrent GC)" daemon [_thread_blocked, id=6456, stack(0x06420000,0x06520000)]
  0x05f46800 JavaThread "Finalizer" daemon [_thread_blocked, id=2560, stack(0x062e0000,0x063e0000)]
  0x05f41c00 JavaThread "Reference Handler" daemon [_thread_blocked, id=4672, stack(0x061a0000,0x062a0000)]
  0x025ec400 JavaThread "main" [_thread_blocked, id=6572, stack(0x00090000,0x00190000)]

Other Threads:
=>0x05f3f400 VMThread [stack: 0x06060000,0x06160000] [id=6164]

VM state:at safepoint (shutting down)

VM Mutex/Monitor currently owned by a thread:  ([mutex/lock_event])
[0x025ea690] Threads_lock - owner thread: 0x05f3f400

Heap
 par new generation   total 18432K, used 4677K [0x0f200000, 0x10600000, 0x19ca0000)
  eden space 16384K,  20% used [0x0f200000, 0x0f53f790, 0x10200000)
  from space 2048K,  65% used [0x10400000, 0x10551d30, 0x10600000)
  to   space 2048K,   0% used [0x10200000, 0x10200000, 0x10400000)
 concurrent mark-sweep generation total 56888K, used 45151K [0x19ca0000, 0x1d42e000, 0x2f200000)
 concurrent-mark-sweep perm gen total 65536K, used 50539K [0x2f200000, 0x33200000, 0x33200000)

Card table byte_map: [0x04a30000,0x04b60000] byte_map_base: 0x049b7000

Polling page: 0x00250000

Code Cache  [0x025f0000, 0x030a0000, 0x045f0000)
 total_blobs=5579 nmethods=5313 adapters=199 free_code_cache=21854Kb largest_free_block=22373248

Compilation events (10 events):
Event: 185.058 Thread 0x05f7f800 5388   !         org.eclipse.osgi.framework.eventmgr.ListenerQueue::dispatchEventSynchronous (81 bytes)
Event: 185.059 Thread 0x05f7f800 nmethod 5388 0x03096f48 code [0x030970d0, 0x03097484]
Event: 185.134 Thread 0x05f7f800 5389             org.eclipse.osgi.internal.serviceregistry.ShrinkableCollection::initComposite (157 bytes)
Event: 185.134 Thread 0x05f7f800 nmethod 5389 0x03097688 code [0x03097870, 0x03097b9c]
Event: 185.146 Thread 0x05f7f800 5390             org.eclipse.osgi.framework.eventmgr.CopyOnWriteIdentityMap$Snapshot$EntrySet::size (9 bytes)
Event: 185.146 Thread 0x05f7f800 nmethod 5390 0x03097f08 code [0x03098000, 0x03098090]
Event: 185.150 Thread 0x05f7f800 5391  s          org.eclipse.osgi.framework.eventmgr.ListenerQueue::queueListeners (37 bytes)
Event: 185.150 Thread 0x05f7f800 nmethod 5391 0x03098108 code [0x03098230, 0x030984b4]
Event: 185.162 Thread 0x05f7f800 5392   !         org.eclipse.osgi.internal.serviceregistry.ServiceRegistry::publishServiceEventPrivileged (256 bytes)
Event: 185.164 Thread 0x05f7f800 nmethod 5392 0x030985c8 code [0x03098850, 0x030991b4]

GC Heap History (10 events):
Event: 183.553 GC heap before
{Heap before GC invocations=270 (full 13):
 par new generation   total 18432K, used 18430K [0x0f200000, 0x10600000, 0x19ca0000)
  eden space 16384K, 100% used [0x0f200000, 0x10200000, 0x10200000)
  from space 2048K,  99% used [0x10200000, 0x103ffb60, 0x10400000)
  to   space 2048K,   0% used [0x10400000, 0x10400000, 0x10600000)
 concurrent mark-sweep generation total 56888K, used 45151K [0x19ca0000, 0x1d42e000, 0x2f200000)
 concurrent-mark-sweep perm gen total 65536K, used 50097K [0x2f200000, 0x33200000, 0x33200000)
Event: 183.558 GC heap after
Heap after GC invocations=271 (full 13):
 par new generation   total 18432K, used 1298K [0x0f200000, 0x10600000, 0x19ca0000)
  eden space 16384K,   0% used [0x0f200000, 0x0f200000, 0x10200000)
  from space 2048K,  63% used [0x10400000, 0x105449d0, 0x10600000)
  to   space 2048K,   0% used [0x10200000, 0x10200000, 0x10400000)
 concurrent mark-sweep generation total 56888K, used 45151K [0x19ca0000, 0x1d42e000, 0x2f200000)
 concurrent-mark-sweep perm gen total 65536K, used 50097K [0x2f200000, 0x33200000, 0x33200000)
}
Event: 183.654 GC heap before
{Heap before GC invocations=271 (full 13):
 par new generation   total 18432K, used 17682K [0x0f200000, 0x10600000, 0x19ca0000)
  eden space 16384K, 100% used [0x0f200000, 0x10200000, 0x10200000)
  from space 2048K,  63% used [0x10400000, 0x105449d0, 0x10600000)
  to   space 2048K,   0% used [0x10200000, 0x10200000, 0x10400000)
 concurrent mark-sweep generation total 56888K, used 45151K [0x19ca0000, 0x1d42e000, 0x2f200000)
 concurrent-mark-sweep perm gen total 65536K, used 50097K [0x2f200000, 0x33200000, 0x33200000)
Event: 183.657 GC heap after
Heap after GC invocations=272 (full 13):
 par new generation   total 18432K, used 1103K [0x0f200000, 0x10600000, 0x19ca0000)
  eden space 16384K,   0% used [0x0f200000, 0x0f200000, 0x10200000)
  from space 2048K,  53% used [0x10200000, 0x10313ca0, 0x10400000)
  to   space 2048K,   0% used [0x10400000, 0x10400000, 0x10600000)
 concurrent mark-sweep generation total 56888K, used 45151K [0x19ca0000, 0x1d42e000, 0x2f200000)
 concurrent-mark-sweep perm gen total 65536K, used 50097K [0x2f200000, 0x33200000, 0x33200000)
}
Event: 183.728 GC heap before
{Heap before GC invocations=272 (full 13):
 par new generation   total 18432K, used 17487K [0x0f200000, 0x10600000, 0x19ca0000)
  eden space 16384K, 100% used [0x0f200000, 0x10200000, 0x10200000)
  from space 2048K,  53% used [0x10200000, 0x10313ca0, 0x10400000)
  to   space 2048K,   0% used [0x10400000, 0x10400000, 0x10600000)
 concurrent mark-sweep generation total 56888K, used 45151K [0x19ca0000, 0x1d42e000, 0x2f200000)
 concurrent-mark-sweep perm gen total 65536K, used 50097K [0x2f200000, 0x33200000, 0x33200000)
Event: 183.731 GC heap after
Heap after GC invocations=273 (full 13):
 par new generation   total 18432K, used 958K [0x0f200000, 0x10600000, 0x19ca0000)
  eden space 16384K,   0% used [0x0f200000, 0x0f200000, 0x10200000)
  from space 2048K,  46% used [0x10400000, 0x104ef9b8, 0x10600000)
  to   space 2048K,   0% used [0x10200000, 0x10200000, 0x10400000)
 concurrent mark-sweep generation total 56888K, used 45151K [0x19ca0000, 0x1d42e000, 0x2f200000)
 concurrent-mark-sweep perm gen total 65536K, used 50097K [0x2f200000, 0x33200000, 0x33200000)
}
Event: 183.781 GC heap before
{Heap before GC invocations=273 (full 13):
 par new generation   total 18432K, used 17342K [0x0f200000, 0x10600000, 0x19ca0000)
  eden space 16384K, 100% used [0x0f200000, 0x10200000, 0x10200000)
  from space 2048K,  46% used [0x10400000, 0x104ef9b8, 0x10600000)
  to   space 2048K,   0% used [0x10200000, 0x10200000, 0x10400000)
 concurrent mark-sweep generation total 56888K, used 45151K [0x19ca0000, 0x1d42e000, 0x2f200000)
 concurrent-mark-sweep perm gen total 65536K, used 50097K [0x2f200000, 0x33200000, 0x33200000)
Event: 183.784 GC heap after
Heap after GC invocations=274 (full 13):
 par new generation   total 18432K, used 1152K [0x0f200000, 0x10600000, 0x19ca0000)
  eden space 16384K,   0% used [0x0f200000, 0x0f200000, 0x10200000)
  from space 2048K,  56% used [0x10200000, 0x103203c0, 0x10400000)
  to   space 2048K,   0% used [0x10400000, 0x10400000, 0x10600000)
 concurrent mark-sweep generation total 56888K, used 45151K [0x19ca0000, 0x1d42e000, 0x2f200000)
 concurrent-mark-sweep perm gen total 65536K, used 50097K [0x2f200000, 0x33200000, 0x33200000)
}
Event: 184.751 GC heap before
{Heap before GC invocations=274 (full 13):
 par new generation   total 18432K, used 17536K [0x0f200000, 0x10600000, 0x19ca0000)
  eden space 16384K, 100% used [0x0f200000, 0x10200000, 0x10200000)
  from space 2048K,  56% used [0x10200000, 0x103203c0, 0x10400000)
  to   space 2048K,   0% used [0x10400000, 0x10400000, 0x10600000)
 concurrent mark-sweep generation total 56888K, used 45151K [0x19ca0000, 0x1d42e000, 0x2f200000)
 concurrent-mark-sweep perm gen total 65536K, used 50191K [0x2f200000, 0x33200000, 0x33200000)
Event: 184.755 GC heap after
Heap after GC invocations=275 (full 13):
 par new generation   total 18432K, used 1351K [0x0f200000, 0x10600000, 0x19ca0000)
  eden space 16384K,   0% used [0x0f200000, 0x0f200000, 0x10200000)
  from space 2048K,  65% used [0x10400000, 0x10551d30, 0x10600000)
  to   space 2048K,   0% used [0x10200000, 0x10200000, 0x10400000)
 concurrent mark-sweep generation total 56888K, used 45151K [0x19ca0000, 0x1d42e000, 0x2f200000)
 concurrent-mark-sweep perm gen total 65536K, used 50191K [0x2f200000, 0x33200000, 0x33200000)
}

Deoptimization events (0 events):
No events

Internal exceptions (10 events):
Event: 185.142 Thread 0x025ec400 Threw 0x0f435338 at C:\re\jdk7u71\1605\hotspot\src\share\vm\prims\jvm.cpp:1281
Event: 185.143 Thread 0x025ec400 Threw 0x0f439548 at C:\re\jdk7u71\1605\hotspot\src\share\vm\prims\jvm.cpp:1281
Event: 185.152 Thread 0x025ec400 Threw 0x0f44f6a8 at C:\re\jdk7u71\1605\hotspot\src\share\vm\prims\jvm.cpp:1281
Event: 185.153 Thread 0x025ec400 Threw 0x0f453900 at C:\re\jdk7u71\1605\hotspot\src\share\vm\prims\jvm.cpp:1281
Event: 185.154 Thread 0x025ec400 Threw 0x0f459950 at C:\re\jdk7u71\1605\hotspot\src\share\vm\prims\jvm.cpp:1281
Event: 185.156 Thread 0x025ec400 Threw 0x0f465b90 at C:\re\jdk7u71\1605\hotspot\src\share\vm\prims\jvm.cpp:1281
Event: 185.159 Thread 0x06c79c00 Threw 0x0f4a3050 at C:\re\jdk7u71\1605\hotspot\src\share\vm\prims\jvm.cpp:3002
Event: 185.162 Thread 0x0b032800 Threw 0x0f24b918 at C:\re\jdk7u71\1605\hotspot\src\share\vm\runtime\objectMonitor.cpp:1652
Event: 185.165 Thread 0x06c7a400 Threw 0x0f4cbf80 at C:\re\jdk7u71\1605\hotspot\src\share\vm\runtime\objectMonitor.cpp:1652
Event: 185.276 Thread 0x06cbcc00 Threw 0x0f4572a8 at C:\re\jdk7u71\1605\hotspot\src\share\vm\runtime\objectMonitor.cpp:1652

Events (10 events):
Event: 185.276 Thread 0x06cbcc00 Thread exited: 0x06cbcc00
Event: 185.277 loading class 0x05ff4048
Event: 185.277 loading class 0x05ff4048 done
Event: 185.277 Thread 0x06c71400 Thread exited: 0x06c71400
Event: 185.277 Thread 0x0b032800 Thread added: 0x0b032800
Event: 185.277 Thread 0x0b034800 Thread added: 0x0b034800
Event: 185.278 Thread 0x0b032800 Thread exited: 0x0b032800
Event: 185.279 Thread 0x0b033400 Thread exited: 0x0b033400
Event: 185.382 Thread 0x0b034800 Thread exited: 0x0b034800
Event: 185.382 Executing VM operation: Exit


Dynamic libraries:
0x00400000 - 0x0040d000 	C:\CooCox\CoIDE_V2Beta\CoIDE.exe
0x772e0000 - 0x77460000 	C:\Windows\SysWOW64\ntdll.dll
0x76700000 - 0x76810000 	C:\Windows\syswow64\kernel32.dll
0x75920000 - 0x75967000 	C:\Windows\syswow64\KERNELBASE.dll
0x752b0000 - 0x753b0000 	C:\Windows\syswow64\USER32.dll
0x75220000 - 0x752b0000 	C:\Windows\syswow64\GDI32.dll
0x75aa0000 - 0x75aaa000 	C:\Windows\syswow64\LPK.dll
0x74f90000 - 0x7502d000 	C:\Windows\syswow64\USP10.dll
0x759a0000 - 0x75a4c000 	C:\Windows\syswow64\msvcrt.dll
0x75650000 - 0x756f1000 	C:\Windows\syswow64\ADVAPI32.dll
0x75980000 - 0x75999000 	C:\Windows\SysWOW64\sechost.dll
0x76a50000 - 0x76b40000 	C:\Windows\syswow64\RPCRT4.dll
0x74c40000 - 0x74ca0000 	C:\Windows\syswow64\SspiCli.dll
0x74c30000 - 0x74c3c000 	C:\Windows\syswow64\CRYPTBASE.dll
0x72410000 - 0x72494000 	C:\Windows\WinSxS\x86_microsoft.windows.common-controls_6595b64144ccf1df_5.82.7601.18837_none_ec86b8d6858ec0bc\COMCTL32.dll
0x755f0000 - 0x75650000 	C:\Windows\system32\IMM32.DLL
0x74ca0000 - 0x74d6c000 	C:\Windows\syswow64\MSCTF.dll
0x745a0000 - 0x745cb000 	C:\Windows\SysWOW64\nvinit.dll
0x74590000 - 0x74599000 	C:\Windows\system32\VERSION.dll
0x0f000000 - 0x0f006000 	C:\Program Files (x86)\NVIDIA Corporation\CoProcManager\detoured.dll
0x72180000 - 0x721a9000 	C:\Program Files (x86)\NVIDIA Corporation\CoProcManager\nvd3d9wrap.dll
0x76810000 - 0x769ad000 	C:\Windows\syswow64\SETUPAPI.dll
0x74d80000 - 0x74da7000 	C:\Windows\syswow64\CFGMGR32.dll
0x769c0000 - 0x76a4f000 	C:\Windows\syswow64\OLEAUT32.dll
0x76c60000 - 0x76dbc000 	C:\Windows\syswow64\ole32.dll
0x76c30000 - 0x76c42000 	C:\Windows\syswow64\DEVOBJ.dll
0x72160000 - 0x7217e000 	C:\Program Files (x86)\NVIDIA Corporation\CoProcManager\nvdxgiwrap.dll
0x72000000 - 0x7200d000 	C:\CooCox\CoIDE_V2Beta\plugins\org.eclipse.equinox.launcher.win32.win32.x86_1.1.100.v20110502\eclipse_1406.dll
0x667f0000 - 0x66b79000 	C:\CooCox\CoIDE_V2Beta\jre\bin\client\jvm.dll
0x735a0000 - 0x735a7000 	C:\Windows\system32\WSOCK32.dll
0x76be0000 - 0x76c15000 	C:\Windows\syswow64\WS2_32.dll
0x75160000 - 0x75166000 	C:\Windows\syswow64\NSI.dll
0x719c0000 - 0x719f2000 	C:\Windows\system32\WINMM.dll
0x75700000 - 0x75705000 	C:\Windows\syswow64\PSAPI.DLL
0x70c60000 - 0x70d1f000 	C:\Windows\system32\MSVCR100.dll
0x735d0000 - 0x735dc000 	C:\CooCox\CoIDE_V2Beta\jre\bin\verify.dll
0x72510000 - 0x72530000 	C:\CooCox\CoIDE_V2Beta\jre\bin\java.dll
0x724f0000 - 0x72503000 	C:\CooCox\CoIDE_V2Beta\jre\bin\zip.dll
0x72080000 - 0x72097000 	C:\Windows\system32\CRYPTSP.dll
0x71a80000 - 0x71abb000 	C:\Windows\system32\rsaenh.dll
0x75a50000 - 0x75a67000 	C:\Windows\syswow64\USERENV.dll
0x769b0000 - 0x769bb000 	C:\Windows\syswow64\profapi.dll
0x724d0000 - 0x724e4000 	C:\CooCox\CoIDE_V2Beta\jre\bin\net.dll
0x727f0000 - 0x7282c000 	C:\Windows\system32\mswsock.dll
0x735b0000 - 0x735b6000 	C:\Windows\System32\wship6.dll
0x73580000 - 0x7359c000 	C:\Windows\system32\IPHLPAPI.DLL
0x73570000 - 0x73577000 	C:\Windows\system32\WINNSI.DLL
0x6fde0000 - 0x6fdf2000 	C:\Windows\system32\dhcpcsvc.DLL
0x724c0000 - 0x724cd000 	C:\Windows\system32\dhcpcsvc6.DLL
0x724b0000 - 0x724bf000 	C:\CooCox\CoIDE_V2Beta\jre\bin\nio.dll
0x720e0000 - 0x72160000 	C:\Windows\system32\uxtheme.dll
0x70a50000 - 0x70a60000 	C:\Windows\system32\NLAapi.dll
0x70a30000 - 0x70a40000 	C:\Windows\system32\napinsp.dll
0x70a10000 - 0x70a22000 	C:\Windows\system32\pnrpnsp.dll
0x70980000 - 0x709c4000 	C:\Windows\system32\DNSAPI.dll
0x70930000 - 0x70938000 	C:\Windows\System32\winrnr.dll
0x70920000 - 0x7092d000 	C:\Windows\system32\wshbth.dll
0x73b70000 - 0x73b75000 	C:\Windows\System32\wshtcpip.dll
0x708d0000 - 0x708d6000 	C:\Windows\system32\rasadhlp.dll
0x708e0000 - 0x70918000 	C:\Windows\System32\fwpuclnt.dll
0x08680000 - 0x086ee000 	C:\CooCox\CoIDE_V2Beta\configuration\org.eclipse.osgi\bundles\111\1\.cp\swt-win32-3740.dll
0x74f00000 - 0x74f7b000 	C:\Windows\syswow64\comdlg32.dll
0x76b50000 - 0x76ba7000 	C:\Windows\syswow64\SHLWAPI.dll
0x73920000 - 0x73abe000 	C:\Windows\WinSxS\x86_microsoft.windows.common-controls_6595b64144ccf1df_6.0.7601.18837_none_41e855142bd5705d\COMCTL32.dll
0x75ab0000 - 0x766fb000 	C:\Windows\syswow64\SHELL32.dll
0x73ac0000 - 0x73b11000 	C:\Windows\system32\WINSPOOL.DRV
0x75710000 - 0x75903000 	C:\Windows\syswow64\WININET.dll
0x75970000 - 0x75974000 	C:\Windows\syswow64\api-ms-win-downlevel-user32-l1-1-0.dll
0x76c50000 - 0x76c54000 	C:\Windows\syswow64\api-ms-win-downlevel-shlwapi-l1-1-0.dll
0x772b0000 - 0x772b4000 	C:\Windows\syswow64\api-ms-win-downlevel-version-l1-1-0.dll
0x75910000 - 0x75913000 	C:\Windows\syswow64\api-ms-win-downlevel-normaliz-l1-1-0.dll
0x76b40000 - 0x76b43000 	C:\Windows\syswow64\normaliz.DLL
0x753b0000 - 0x755e2000 	C:\Windows\syswow64\iertutil.dll
0x76c20000 - 0x76c25000 	C:\Windows\syswow64\api-ms-win-downlevel-advapi32-l1-1-0.dll
0x75030000 - 0x75151000 	C:\Windows\syswow64\CRYPT32.dll
0x74f80000 - 0x74f8c000 	C:\Windows\syswow64\MSASN1.dll
0x720a0000 - 0x720b3000 	C:\Windows\system32\dwmapi.dll
0x71860000 - 0x71955000 	C:\Windows\system32\propsys.dll
0x76e50000 - 0x76ed3000 	C:\Windows\syswow64\CLBCatQ.DLL
0x08720000 - 0x0873d000 	C:\CooCox\CoIDE_V2Beta\configuration\org.eclipse.osgi\bundles\111\1\.cp\swt-gdip-win32-3740.dll
0x73790000 - 0x73920000 	C:\Windows\WinSxS\x86_microsoft.windows.gdiplus_6595b64144ccf1df_1.1.7601.19061_none_72d6d48d86649709\gdiplus.dll
0x697e0000 - 0x69911000 	C:\Windows\system32\WindowsCodecs.dll
0x66ee0000 - 0x67050000 	C:\Windows\system32\explorerframe.dll
0x6d000000 - 0x6d02f000 	C:\Windows\system32\DUser.dll
0x641f0000 - 0x642a2000 	C:\Windows\system32\DUI70.dll
0x704b0000 - 0x704ec000 	C:\Windows\system32\oleacc.dll
0x70850000 - 0x7085e000 	C:\Windows\system32\RpcRtRemote.dll
0x73b20000 - 0x73b25000 	C:\Windows\system32\msimg32.dll
0x71bb0000 - 0x71bfc000 	C:\Windows\system32\apphelp.dll
0x65ba0000 - 0x667e8000 	C:\Windows\SysWOW64\ieframe.dll
0x723c0000 - 0x723c4000 	C:\Windows\SysWOW64\api-ms-win-downlevel-shell32-l1-1-0.dll
0x720c0000 - 0x720c4000 	C:\Windows\system32\api-ms-win-downlevel-shlwapi-l2-1-0.dll
0x74db0000 - 0x74efb000 	C:\Windows\syswow64\urlmon.dll
0x74d70000 - 0x74d74000 	C:\Windows\syswow64\api-ms-win-downlevel-ole32-l1-1-0.dll
0x70260000 - 0x702bf000 	C:\Windows\system32\SXS.DLL
0x64720000 - 0x65b96000 	C:\Windows\SysWOW64\mshtml.dll
0x70790000 - 0x70794000 	C:\Windows\system32\api-ms-win-downlevel-advapi32-l2-1-0.dll
0x74550000 - 0x74558000 	C:\Windows\system32\Secur32.dll
0x70450000 - 0x7047e000 	C:\Windows\system32\mlang.dll
0x70c50000 - 0x70c5b000 	C:\Windows\system32\msimtf.dll
0x71960000 - 0x71999000 	C:\Windows\system32\MMDevAPI.DLL
0x6fcf0000 - 0x6fd20000 	C:\Windows\system32\wdmaud.drv
0x701b0000 - 0x701b4000 	C:\Windows\system32\ksuser.dll
0x6cfd0000 - 0x6cfd7000 	C:\Windows\system32\AVRT.dll
0x71820000 - 0x71856000 	C:\Windows\system32\AUDIOSES.DLL
0x6cfc0000 - 0x6cfc8000 	C:\Windows\system32\msacm32.drv
0x697c0000 - 0x697d4000 	C:\Windows\system32\MSACM32.dll
0x68950000 - 0x689aa000 	C:\Windows\System32\netprofm.dll
0x6c4f0000 - 0x6c4f7000 	C:\Windows\system32\midimap.dll
0x70440000 - 0x70448000 	C:\Windows\System32\npmproxy.dll
0x66c20000 - 0x66cac000 	C:\Windows\SysWOW64\uiautomationcore.dll
0x642b0000 - 0x6471e000 	C:\Windows\SysWOW64\jscript9.dll
0x67190000 - 0x674d7000 	C:\Windows\system32\d2d1.dll
0x67050000 - 0x67186000 	C:\Windows\system32\DWrite.dll
0x6fe50000 - 0x6fe9c000 	C:\Windows\system32\dxgi.dll
0x75a70000 - 0x75a9f000 	C:\Windows\syswow64\WINTRUST.dll
0x66cb0000 - 0x66e25000 	C:\Windows\system32\d3d11.dll
0x5be00000 - 0x5bfe9000 	C:\Windows\system32\D3D10Warp.dll
0x72a60000 - 0x72a77000 	C:\Windows\system32\bcrypt.dll
0x72a20000 - 0x72a5d000 	C:\Windows\SysWOW64\bcryptprimitives.dll
0x68910000 - 0x68941000 	C:\Windows\system32\msls31.dll
0x62ee0000 - 0x62f52000 	C:\Windows\system32\DSOUND.dll
0x70f10000 - 0x70f35000 	C:\Windows\system32\POWRPROF.dll
0x62e60000 - 0x62ed9000 	C:\Windows\system32\mscms.dll
0x70480000 - 0x704a5000 	C:\CooCox\CoIDE_V2Beta\jre\bin\jaybird22.dll
0x34da0000 - 0x3514d000 	C:\CooCox\CoIDE_V2Beta\jre\bin\fbembed.dll
0x74420000 - 0x744bb000 	C:\Windows\WinSxS\x86_microsoft.vc80.crt_1fc8b3b9a1e18e3b_8.0.50727.6195_none_d09154e044272b9a\MSVCR80.dll
0x70810000 - 0x70822000 	C:\Windows\system32\MPR.dll

VM Arguments:
jvm_args: -Dosgi.parentClassloader=ext --launcher.XXMaxPermSize 256M -vmargs -Xms60m -Xmx512m -XX:+UseConcMarkSweepGC -XX:+CMSClassUnloadingEnabled 
java_command: <unknown>
Launcher Type: generic

Environment Variables:
PATH=C:/CooCox/CoIDE_V2Beta/jre/bin/client;C:/CooCox/CoIDE_V2Beta/jre/bin;C:/CooCox/CoIDE_V2Beta/jre/lib/i386;C:\ProgramData\Oracle\Java\javapath;C:\Windows\system32;C:\Windows;C:\Windows\System32\Wbem;C:\Windows\System32\WindowsPowerShell\v1.0\;C:\Program Files (x86)\NVIDIA Corporation\PhysX\Common;C:\Program Files (x86)\Skype\Phone\;C:\CooCox\CoIDE_V2Beta\gcc\bin;C:\CooCox\CoIDE_V2Beta\bin;C:\Program Files\Git\cmd;C:\Go\bin;c:\gopath\bin;C:\Users\Sergey\CoIDE\workspace\GuardOnSTM32l051;
USERNAME=Sergey
OS=Windows_NT
PROCESSOR_IDENTIFIER=Intel64 Family 6 Model 42 Stepping 7, GenuineIntel



---------------  S Y S T E M  ---------------

OS: Windows 7 , 64 bit Build 7601 Service Pack 1

CPU:total 4 (2 cores per cpu, 2 threads per core) family 6 model 42 stepping 7, cmov, cx8, fxsr, mmx, sse, sse2, sse3, ssse3, sse4.1, sse4.2, popcnt, avx, ht, tsc, tscinvbit

Memory: 4k page, physical 4103972k(1760092k free), swap 8206104k(5144508k free)

vm_info: Java HotSpot(TM) Client VM (24.71-b01) for windows-x86 JRE (1.7.0_71-b14), built on Sep 26 2014 16:30:49 by "java_re" with unknown MS VC++:1600

time: Thu Apr 20 18:01:15 2017
elapsed time: 186 seconds

